\o Program:		@(#)$CDS: libManager version 6.1.8 - CAT37 02/10/2023 14:05 (cpgsrv13) $
\o Sub version:		sub-version  s312 
\o Arguments:		-unmapped -mpssession virtuoso3830640 -mpshost ruby 
\o Working Directory:	ruby:/eecs/home/salwan99/Desktop/VLSI4612/project3/RTL-to-GDSII_16x24BitMultiplier/PnR
\o 64-bit offsets
\o Qt version: 		5.9.1
\o changeWorkingDir("/eecs/home/salwan99/Desktop/VLSI4612/project3/RTL-to-GDSII_16x24BitMultiplier/PnR") unnecessary.
\o ddSetForcedLib("") unnecessary.
\o Log file is "/eecs/home/salwan99/Desktop/VLSI4612/project3/RTL-to-GDSII_16x24BitMultiplier/PnR/libManager.log".
\o Opening libManager window.
\a nrSetWindowVisibility(cdsLibManager "show")
\o MPS service: map window
\o Library Manager customization server connected.
\a nrSetCurrentWindow(cdsLibManager)
\a nrResizeWindow(cdsLibManager list(1098 239 602 491))
\a cdsLibManager->FileNewLibButton->value = t
\a nrSetWindowVisibility(NewLibShell "show")
\a nrSetCurrentWindow(NewLibShell)
\a nrSetCurrentWindow(NewLibShell->subDialog)
\a nrResizeWindow(NewLibShell list(1136 165 507 559))
\a NewLibShell->newLibNameText->value = "16x24BitMultiplier_PnR"
\a nrResizeWindow(NewLibShell list(1279 179 507 559))
\a nrSetCurrentWindow(NewLibShell)
\a nrSetCurrentWindow(NewLibShell->subDialog)
\a nrSetCurrentWindow(NewLibShell)
\a nrSetCurrentWindow(NewLibShell->subDialog)
\a nrResizeWindow(NewLibShell list(1158 154 507 559))
\a nrSetCurrentWindow(NewLibShell)
\a nrSetCurrentWindow(NewLibShell->subDialog)
\a NewLibShell->QLineEdit1->value = ""
\a NewLibShell->QLineEdit1->value = "/eecs/home/salwan99/Desktop/VLSI4612/project3/RTL-to-GDSII_16x24BitMultiplier/PnR/scripts"
\a NewLibShell->newLibCancelButton->value = t
\a nrSetCurrentWindow(cdsLibManager)
\a nrResizeWindow(NewLibShell list(1158 117 507 559))
\a cdsLibManager->FileNewLibButton->value = t
\a NewLibShell->newLibNameText->value = ""
\a nrSetWindowVisibility(NewLibShell->subDialog "show")
\a nrSetCurrentWindow(NewLibShell)
\a nrSetCurrentWindow(NewLibShell->subDialog)
\a nrResizeWindow(NewLibShell list(1136 202 507 559))
\a NewLibShell->QLineEdit1->value = ""
\a NewLibShell->QLineEdit1->value = "/eecs/home/salwan99/Desktop/VLSI4612/project3/RTL-to-GDSII_16x24BitMultiplier/PnR"
\a NewLibShell->newLibNameText->value = "16x24BitMultiplier_PnR"
\a NewLibShell->newLibOKButton->value = t
\a nrSetWindowVisibility(workingDialogForm "show")
\a nrSetCurrentWindow(workingDialogForm)
\o Created new library "16x24BitMultiplier_PnR" at /eecs/home/salwan99/Desktop/VLSI4612/project3/RTL-to-GDSII_16x24BitMultiplier/PnR/16x24BitMultiplier_PnR.
\a nrSetCurrentWindow(cdsLibManager)
\a nrResizeWindow(workingDialogForm list(1207 341 365 133))
\a nrResizeWindow(NewLibShell list(1136 165 507 559))
\a nrSetCurrentWindow(cdsLibManager)
\a nrSetCurrentWindow(cdsLibManager)
\a nrSetCurrentWindow(cdsLibManager)
\a cdsLibManager->libListBox->value = "16x24BitMultiplier_PnR"
\a cdsLibManager->libLineEdit->value = "16x24BitMultiplier_PnR"
\a cdsLibManager->cellListBox->value = "mult_unsigned"
\a cdsLibManager->cellLineEdit->value = "mult_unsigned"
\a cdsLibManager->viewListBox->value = "layout"
\a cdsLibManager->viewLineEdit->value = "layout"
\a cdsLibManager->viewListBox->value = nil
\a cdsLibManager->viewLineEdit->value = ""
\a cdsLibManager->viewListBox->value = "layout"
\a cdsLibManager->viewLineEdit->value = "layout"
\a cdsLibManager->viewListBox->value = nil
\a cdsLibManager->viewLineEdit->value = ""
\a cdsLibManager->viewListBox->value = "layout"
\a cdsLibManager->viewLineEdit->value = "layout"
\o MPS request: edit design
\a nrListItemAction(cdsLibManager->gdmXTView 0 0)
\a nrSetCurrentWindow(cdsLibManager)
\a nrSetCurrentWindow(cdsLibManager)
\a cdsLibManager->libListBox->value = nil
\a cdsLibManager->libLineEdit->value = ""
\a cdsLibManager->cellListBox->value = nil
\a cdsLibManager->viewLineEdit->value = ""
\a cdsLibManager->viewListBox->value = nil
\a cdsLibManager->cellLineEdit->value = ""
\a cdsLibManager->libListBox->value = "16x24BitMultiplier_PnR"
\a cdsLibManager->libLineEdit->value = "16x24BitMultiplier_PnR"
\a cdsLibManager->cellListBox->value = "mult_unsigned"
\a cdsLibManager->cellLineEdit->value = "mult_unsigned"
\a cdsLibManager->viewListBox->value = "layout"
\a cdsLibManager->viewLineEdit->value = "layout"
\a cdsLibManager->viewLineEdit->value = ""
\a cdsLibManager->viewListBox->value = nil
\a cdsLibManager->viewListBox->value = "layout"
\a cdsLibManager->viewLineEdit->value = "layout"
\a nrSetCurrentWindow(cdsLibManager)
\a nrSetCurrentWindow(cdsLibManager)
\a nrSetCurrentWindow(cdsLibManager)
\a nrSetWindowVisibility(cdsLibManager "hide")
\a _lmgrCloseIconify("cdsLibManager" 1)
\o MPS service: shutdown
\o libManager is exiting.
\a exit(0)
